2017-07-26 23:01:02,153 - Log4JLogChute initialized using file 'velocity.log'
2017-07-26 23:01:02,154 - Initializing Velocity, Calling init()...
2017-07-26 23:01:02,154 - Starting Apache Velocity v1.7 (compiled: 2010-11-19 12:14:37)
2017-07-26 23:01:02,154 - Default Properties File: org\apache\velocity\runtime\defaults\velocity.properties
2017-07-26 23:01:02,154 - Trying to use logger class org.apache.velocity.runtime.log.AvalonLogChute
2017-07-26 23:01:02,154 - Target log system for org.apache.velocity.runtime.log.AvalonLogChute is not available (java.lang.NoClassDefFoundError: org/apache/log/format/Formatter).  Falling back to next log system...
2017-07-26 23:01:02,154 - Trying to use logger class org.apache.velocity.runtime.log.Log4JLogChute
2017-07-26 23:01:02,155 - Using logger class org.apache.velocity.runtime.log.Log4JLogChute
2017-07-26 23:01:02,158 - ResourceLoader instantiated: org.apache.velocity.runtime.resource.loader.FileResourceLoader
2017-07-26 23:01:02,160 - Do unicode file recognition:  false
2017-07-26 23:01:02,160 - FileResourceLoader : adding path 'E:/idea_workspace/gluxen-master/gluxen-common/target/classes/template/'
2017-07-26 23:01:02,165 - ResourceCache: initialized (class org.apache.velocity.runtime.resource.ResourceCacheImpl) with class java.util.Collections$SynchronizedMap cache map.
2017-07-26 23:01:02,166 - Loaded System Directive: org.apache.velocity.runtime.directive.Stop
2017-07-26 23:01:02,167 - Loaded System Directive: org.apache.velocity.runtime.directive.Define
2017-07-26 23:01:02,168 - Loaded System Directive: org.apache.velocity.runtime.directive.Break
2017-07-26 23:01:02,168 - Loaded System Directive: org.apache.velocity.runtime.directive.Evaluate
2017-07-26 23:01:02,169 - Loaded System Directive: org.apache.velocity.runtime.directive.Literal
2017-07-26 23:01:02,170 - Loaded System Directive: org.apache.velocity.runtime.directive.Macro
2017-07-26 23:01:02,172 - Loaded System Directive: org.apache.velocity.runtime.directive.Parse
2017-07-26 23:01:02,172 - Loaded System Directive: org.apache.velocity.runtime.directive.Include
2017-07-26 23:01:02,174 - Loaded System Directive: org.apache.velocity.runtime.directive.Foreach
2017-07-26 23:01:02,236 - Created '20' parsers.
2017-07-26 23:01:02,241 - Velocimacro : "velocimacro.library" is not set.  Trying default library: VM_global_library.vm
2017-07-26 23:01:02,241 - Velocimacro : Default library not found.
2017-07-26 23:01:02,241 - Velocimacro : allowInline = true : VMs can be defined inline in templates
2017-07-26 23:01:02,241 - Velocimacro : allowInlineToOverride = false : VMs defined inline may NOT replace previous VM definitions
2017-07-26 23:01:02,241 - Velocimacro : allowInlineLocal = false : VMs defined inline will be global in scope if allowed.
2017-07-26 23:01:02,241 - Velocimacro : autoload off : VM system will not automatically reload global library macros
2017-07-26 23:01:02,255 - ResourceManager : found generatorConfig.vm with loader org.apache.velocity.runtime.resource.loader.FileResourceLoader
2017-07-26 23:01:02,257 - Null reference [template 'generatorConfig.vm', line 49, column 38] : ${generator.jdbc.driver} cannot be resolved.
2017-07-26 23:01:02,257 - Null reference [template 'generatorConfig.vm', line 50, column 40] : ${generator.jdbc.url} cannot be resolved.
2017-07-26 23:01:02,257 - Null reference [template 'generatorConfig.vm', line 51, column 33] : ${generator.jdbc.username} cannot be resolved.
2017-07-26 23:02:17,800 - Log4JLogChute initialized using file 'velocity.log'
2017-07-26 23:02:17,801 - Initializing Velocity, Calling init()...
2017-07-26 23:02:17,801 - Starting Apache Velocity v1.7 (compiled: 2010-11-19 12:14:37)
2017-07-26 23:02:17,801 - Default Properties File: org\apache\velocity\runtime\defaults\velocity.properties
2017-07-26 23:02:17,801 - Trying to use logger class org.apache.velocity.runtime.log.AvalonLogChute
2017-07-26 23:02:17,801 - Target log system for org.apache.velocity.runtime.log.AvalonLogChute is not available (java.lang.NoClassDefFoundError: org/apache/log/format/Formatter).  Falling back to next log system...
2017-07-26 23:02:17,801 - Trying to use logger class org.apache.velocity.runtime.log.Log4JLogChute
2017-07-26 23:02:17,801 - Using logger class org.apache.velocity.runtime.log.Log4JLogChute
2017-07-26 23:02:17,806 - ResourceLoader instantiated: org.apache.velocity.runtime.resource.loader.FileResourceLoader
2017-07-26 23:02:17,807 - Do unicode file recognition:  false
2017-07-26 23:02:17,808 - FileResourceLoader : adding path 'E:/idea_workspace/gluxen-master/gluxen-common/target/classes/template/'
2017-07-26 23:02:17,824 - ResourceCache: initialized (class org.apache.velocity.runtime.resource.ResourceCacheImpl) with class java.util.Collections$SynchronizedMap cache map.
2017-07-26 23:02:17,827 - Loaded System Directive: org.apache.velocity.runtime.directive.Stop
2017-07-26 23:02:17,828 - Loaded System Directive: org.apache.velocity.runtime.directive.Define
2017-07-26 23:02:17,828 - Loaded System Directive: org.apache.velocity.runtime.directive.Break
2017-07-26 23:02:17,829 - Loaded System Directive: org.apache.velocity.runtime.directive.Evaluate
2017-07-26 23:02:17,829 - Loaded System Directive: org.apache.velocity.runtime.directive.Literal
2017-07-26 23:02:17,831 - Loaded System Directive: org.apache.velocity.runtime.directive.Macro
2017-07-26 23:02:17,837 - Loaded System Directive: org.apache.velocity.runtime.directive.Parse
2017-07-26 23:02:17,842 - Loaded System Directive: org.apache.velocity.runtime.directive.Include
2017-07-26 23:02:17,843 - Loaded System Directive: org.apache.velocity.runtime.directive.Foreach
2017-07-26 23:02:17,902 - Created '20' parsers.
2017-07-26 23:02:17,906 - Velocimacro : "velocimacro.library" is not set.  Trying default library: VM_global_library.vm
2017-07-26 23:02:17,906 - Velocimacro : Default library not found.
2017-07-26 23:02:17,906 - Velocimacro : allowInline = true : VMs can be defined inline in templates
2017-07-26 23:02:17,906 - Velocimacro : allowInlineToOverride = false : VMs defined inline may NOT replace previous VM definitions
2017-07-26 23:02:17,906 - Velocimacro : allowInlineLocal = false : VMs defined inline will be global in scope if allowed.
2017-07-26 23:02:17,906 - Velocimacro : autoload off : VM system will not automatically reload global library macros
2017-07-26 23:02:17,933 - ResourceManager : found generatorConfig.vm with loader org.apache.velocity.runtime.resource.loader.FileResourceLoader
2017-07-26 23:02:17,975 - Null reference [template 'generatorConfig.vm', line 49, column 38] : ${generator.jdbc.driver} cannot be resolved.
2017-07-26 23:02:17,975 - Null reference [template 'generatorConfig.vm', line 50, column 40] : ${generator.jdbc.url} cannot be resolved.
2017-07-26 23:02:17,975 - Null reference [template 'generatorConfig.vm', line 51, column 33] : ${generator.jdbc.username} cannot be resolved.
2017-07-26 23:03:14,904 - Log4JLogChute initialized using file 'velocity.log'
2017-07-26 23:03:14,905 - Initializing Velocity, Calling init()...
2017-07-26 23:03:14,905 - Starting Apache Velocity v1.7 (compiled: 2010-11-19 12:14:37)
2017-07-26 23:03:14,905 - Default Properties File: org\apache\velocity\runtime\defaults\velocity.properties
2017-07-26 23:03:14,905 - Trying to use logger class org.apache.velocity.runtime.log.AvalonLogChute
2017-07-26 23:03:14,905 - Target log system for org.apache.velocity.runtime.log.AvalonLogChute is not available (java.lang.NoClassDefFoundError: org/apache/log/format/Formatter).  Falling back to next log system...
2017-07-26 23:03:14,905 - Trying to use logger class org.apache.velocity.runtime.log.Log4JLogChute
2017-07-26 23:03:14,905 - Using logger class org.apache.velocity.runtime.log.Log4JLogChute
2017-07-26 23:03:14,910 - ResourceLoader instantiated: org.apache.velocity.runtime.resource.loader.FileResourceLoader
2017-07-26 23:03:14,912 - Do unicode file recognition:  false
2017-07-26 23:03:14,912 - FileResourceLoader : adding path 'E:/idea_workspace/gluxen-master/gluxen-common/target/classes/template/'
2017-07-26 23:03:14,923 - ResourceCache: initialized (class org.apache.velocity.runtime.resource.ResourceCacheImpl) with class java.util.Collections$SynchronizedMap cache map.
2017-07-26 23:03:14,925 - Loaded System Directive: org.apache.velocity.runtime.directive.Stop
2017-07-26 23:03:14,928 - Loaded System Directive: org.apache.velocity.runtime.directive.Define
2017-07-26 23:03:14,929 - Loaded System Directive: org.apache.velocity.runtime.directive.Break
2017-07-26 23:03:14,930 - Loaded System Directive: org.apache.velocity.runtime.directive.Evaluate
2017-07-26 23:03:14,931 - Loaded System Directive: org.apache.velocity.runtime.directive.Literal
2017-07-26 23:03:14,932 - Loaded System Directive: org.apache.velocity.runtime.directive.Macro
2017-07-26 23:03:14,933 - Loaded System Directive: org.apache.velocity.runtime.directive.Parse
2017-07-26 23:03:14,935 - Loaded System Directive: org.apache.velocity.runtime.directive.Include
2017-07-26 23:03:14,936 - Loaded System Directive: org.apache.velocity.runtime.directive.Foreach
2017-07-26 23:03:14,977 - Created '20' parsers.
2017-07-26 23:03:14,982 - Velocimacro : "velocimacro.library" is not set.  Trying default library: VM_global_library.vm
2017-07-26 23:03:14,982 - Velocimacro : Default library not found.
2017-07-26 23:03:14,982 - Velocimacro : allowInline = true : VMs can be defined inline in templates
2017-07-26 23:03:14,982 - Velocimacro : allowInlineToOverride = false : VMs defined inline may NOT replace previous VM definitions
2017-07-26 23:03:14,982 - Velocimacro : allowInlineLocal = false : VMs defined inline will be global in scope if allowed.
2017-07-26 23:03:14,982 - Velocimacro : autoload off : VM system will not automatically reload global library macros
2017-07-26 23:03:14,997 - ResourceManager : found generatorConfig.vm with loader org.apache.velocity.runtime.resource.loader.FileResourceLoader
2017-07-26 23:03:14,999 - Null reference [template 'generatorConfig.vm', line 49, column 38] : ${generator.jdbc.driver} cannot be resolved.
2017-07-26 23:03:15,000 - Null reference [template 'generatorConfig.vm', line 50, column 40] : ${generator.jdbc.url} cannot be resolved.
2017-07-26 23:03:15,000 - Null reference [template 'generatorConfig.vm', line 51, column 33] : ${generator.jdbc.username} cannot be resolved.
2017-07-26 23:03:15,358 - ResourceManager : found Service.vm with loader org.apache.velocity.runtime.resource.loader.FileResourceLoader
2017-07-26 23:05:08,374 - Log4JLogChute initialized using file 'velocity.log'
2017-07-26 23:05:08,375 - Initializing Velocity, Calling init()...
2017-07-26 23:05:08,375 - Starting Apache Velocity v1.7 (compiled: 2010-11-19 12:14:37)
2017-07-26 23:05:08,375 - Default Properties File: org\apache\velocity\runtime\defaults\velocity.properties
2017-07-26 23:05:08,375 - Trying to use logger class org.apache.velocity.runtime.log.AvalonLogChute
2017-07-26 23:05:08,375 - Target log system for org.apache.velocity.runtime.log.AvalonLogChute is not available (java.lang.NoClassDefFoundError: org/apache/log/format/Formatter).  Falling back to next log system...
2017-07-26 23:05:08,375 - Trying to use logger class org.apache.velocity.runtime.log.Log4JLogChute
2017-07-26 23:05:08,375 - Using logger class org.apache.velocity.runtime.log.Log4JLogChute
2017-07-26 23:05:08,382 - ResourceLoader instantiated: org.apache.velocity.runtime.resource.loader.FileResourceLoader
2017-07-26 23:05:08,385 - Do unicode file recognition:  false
2017-07-26 23:05:08,385 - FileResourceLoader : adding path 'E:/idea_workspace/gluxen-master/gluxen-common/target/classes/template/'
2017-07-26 23:05:08,397 - ResourceCache: initialized (class org.apache.velocity.runtime.resource.ResourceCacheImpl) with class java.util.Collections$SynchronizedMap cache map.
2017-07-26 23:05:08,400 - Loaded System Directive: org.apache.velocity.runtime.directive.Stop
2017-07-26 23:05:08,404 - Loaded System Directive: org.apache.velocity.runtime.directive.Define
2017-07-26 23:05:08,406 - Loaded System Directive: org.apache.velocity.runtime.directive.Break
2017-07-26 23:05:08,408 - Loaded System Directive: org.apache.velocity.runtime.directive.Evaluate
2017-07-26 23:05:08,410 - Loaded System Directive: org.apache.velocity.runtime.directive.Literal
2017-07-26 23:05:08,415 - Loaded System Directive: org.apache.velocity.runtime.directive.Macro
2017-07-26 23:05:08,417 - Loaded System Directive: org.apache.velocity.runtime.directive.Parse
2017-07-26 23:05:08,418 - Loaded System Directive: org.apache.velocity.runtime.directive.Include
2017-07-26 23:05:08,419 - Loaded System Directive: org.apache.velocity.runtime.directive.Foreach
2017-07-26 23:05:08,454 - Created '20' parsers.
2017-07-26 23:05:08,458 - Velocimacro : "velocimacro.library" is not set.  Trying default library: VM_global_library.vm
2017-07-26 23:05:08,458 - Velocimacro : Default library not found.
2017-07-26 23:05:08,459 - Velocimacro : allowInline = true : VMs can be defined inline in templates
2017-07-26 23:05:08,459 - Velocimacro : allowInlineToOverride = false : VMs defined inline may NOT replace previous VM definitions
2017-07-26 23:05:08,459 - Velocimacro : allowInlineLocal = false : VMs defined inline will be global in scope if allowed.
2017-07-26 23:05:08,459 - Velocimacro : autoload off : VM system will not automatically reload global library macros
2017-07-26 23:05:08,506 - ResourceManager : found generatorConfig.vm with loader org.apache.velocity.runtime.resource.loader.FileResourceLoader
2017-07-26 23:05:08,508 - Null reference [template 'generatorConfig.vm', line 49, column 38] : ${generator.jdbc.driver} cannot be resolved.
2017-07-26 23:05:08,509 - Null reference [template 'generatorConfig.vm', line 50, column 40] : ${generator.jdbc.url} cannot be resolved.
2017-07-26 23:05:08,509 - Null reference [template 'generatorConfig.vm', line 51, column 33] : ${generator.jdbc.username} cannot be resolved.
2017-07-26 23:05:09,997 - ResourceManager : found Service.vm with loader org.apache.velocity.runtime.resource.loader.FileResourceLoader
2017-07-26 23:05:09,999 - ResourceManager : found ServiceMock.vm with loader org.apache.velocity.runtime.resource.loader.FileResourceLoader
2017-07-26 23:05:10,004 - ResourceManager : found ServiceImpl.vm with loader org.apache.velocity.runtime.resource.loader.FileResourceLoader
2017-07-26 23:07:57,429 - Log4JLogChute initialized using file 'velocity.log'
2017-07-26 23:07:57,430 - Initializing Velocity, Calling init()...
2017-07-26 23:07:57,430 - Starting Apache Velocity v1.7 (compiled: 2010-11-19 12:14:37)
2017-07-26 23:07:57,430 - Default Properties File: org\apache\velocity\runtime\defaults\velocity.properties
2017-07-26 23:07:57,430 - Trying to use logger class org.apache.velocity.runtime.log.AvalonLogChute
2017-07-26 23:07:57,430 - Target log system for org.apache.velocity.runtime.log.AvalonLogChute is not available (java.lang.NoClassDefFoundError: org/apache/log/format/Formatter).  Falling back to next log system...
2017-07-26 23:07:57,430 - Trying to use logger class org.apache.velocity.runtime.log.Log4JLogChute
2017-07-26 23:07:57,430 - Using logger class org.apache.velocity.runtime.log.Log4JLogChute
2017-07-26 23:07:57,433 - ResourceLoader instantiated: org.apache.velocity.runtime.resource.loader.FileResourceLoader
2017-07-26 23:07:57,434 - Do unicode file recognition:  false
2017-07-26 23:07:57,435 - FileResourceLoader : adding path 'E:/idea_workspace/gluxen-master/gluxen-common/target/classes/template/'
2017-07-26 23:07:57,441 - ResourceCache: initialized (class org.apache.velocity.runtime.resource.ResourceCacheImpl) with class java.util.Collections$SynchronizedMap cache map.
2017-07-26 23:07:57,444 - Loaded System Directive: org.apache.velocity.runtime.directive.Stop
2017-07-26 23:07:57,445 - Loaded System Directive: org.apache.velocity.runtime.directive.Define
2017-07-26 23:07:57,446 - Loaded System Directive: org.apache.velocity.runtime.directive.Break
2017-07-26 23:07:57,446 - Loaded System Directive: org.apache.velocity.runtime.directive.Evaluate
2017-07-26 23:07:57,447 - Loaded System Directive: org.apache.velocity.runtime.directive.Literal
2017-07-26 23:07:57,448 - Loaded System Directive: org.apache.velocity.runtime.directive.Macro
2017-07-26 23:07:57,450 - Loaded System Directive: org.apache.velocity.runtime.directive.Parse
2017-07-26 23:07:57,453 - Loaded System Directive: org.apache.velocity.runtime.directive.Include
2017-07-26 23:07:57,454 - Loaded System Directive: org.apache.velocity.runtime.directive.Foreach
2017-07-26 23:07:57,508 - Created '20' parsers.
2017-07-26 23:07:57,516 - Velocimacro : "velocimacro.library" is not set.  Trying default library: VM_global_library.vm
2017-07-26 23:07:57,516 - Velocimacro : Default library not found.
2017-07-26 23:07:57,516 - Velocimacro : allowInline = true : VMs can be defined inline in templates
2017-07-26 23:07:57,516 - Velocimacro : allowInlineToOverride = false : VMs defined inline may NOT replace previous VM definitions
2017-07-26 23:07:57,516 - Velocimacro : allowInlineLocal = false : VMs defined inline will be global in scope if allowed.
2017-07-26 23:07:57,516 - Velocimacro : autoload off : VM system will not automatically reload global library macros
2017-07-26 23:07:57,557 - ResourceManager : found generatorConfig.vm with loader org.apache.velocity.runtime.resource.loader.FileResourceLoader
2017-07-26 23:07:57,568 - Null reference [template 'generatorConfig.vm', line 49, column 38] : ${generator.jdbc.driver} cannot be resolved.
2017-07-26 23:07:57,568 - Null reference [template 'generatorConfig.vm', line 50, column 40] : ${generator.jdbc.url} cannot be resolved.
2017-07-26 23:07:57,568 - Null reference [template 'generatorConfig.vm', line 51, column 33] : ${generator.jdbc.username} cannot be resolved.
2017-07-26 23:07:58,154 - ResourceManager : found ServiceImpl.vm with loader org.apache.velocity.runtime.resource.loader.FileResourceLoader
2017-07-26 23:07:58,155 - ResourceManager : found Service.vm with loader org.apache.velocity.runtime.resource.loader.FileResourceLoader
2017-07-26 23:07:58,157 - ResourceManager : found ServiceMock.vm with loader org.apache.velocity.runtime.resource.loader.FileResourceLoader
2017-07-26 23:07:58,159 - ResourceManager : found ServiceImpl.vm with loader org.apache.velocity.runtime.resource.loader.FileResourceLoader
2017-07-26 23:07:58,160 - ResourceManager : found Service.vm with loader org.apache.velocity.runtime.resource.loader.FileResourceLoader
2017-07-26 23:07:58,162 - ResourceManager : found ServiceMock.vm with loader org.apache.velocity.runtime.resource.loader.FileResourceLoader
2017-07-26 23:07:58,163 - ResourceManager : found ServiceImpl.vm with loader org.apache.velocity.runtime.resource.loader.FileResourceLoader
2017-07-26 23:07:58,165 - ResourceManager : found Service.vm with loader org.apache.velocity.runtime.resource.loader.FileResourceLoader
2017-07-26 23:07:58,166 - ResourceManager : found ServiceMock.vm with loader org.apache.velocity.runtime.resource.loader.FileResourceLoader
2017-07-26 23:07:58,167 - ResourceManager : found ServiceImpl.vm with loader org.apache.velocity.runtime.resource.loader.FileResourceLoader
2017-07-26 23:07:58,168 - ResourceManager : found Service.vm with loader org.apache.velocity.runtime.resource.loader.FileResourceLoader
2017-07-26 23:07:58,170 - ResourceManager : found ServiceMock.vm with loader org.apache.velocity.runtime.resource.loader.FileResourceLoader
2017-07-26 23:07:58,174 - ResourceManager : found ServiceImpl.vm with loader org.apache.velocity.runtime.resource.loader.FileResourceLoader
2017-07-26 23:07:58,176 - ResourceManager : found Service.vm with loader org.apache.velocity.runtime.resource.loader.FileResourceLoader
2017-07-26 23:07:58,177 - ResourceManager : found ServiceMock.vm with loader org.apache.velocity.runtime.resource.loader.FileResourceLoader
2017-07-26 23:07:58,178 - ResourceManager : found ServiceImpl.vm with loader org.apache.velocity.runtime.resource.loader.FileResourceLoader
2017-07-26 23:07:58,179 - ResourceManager : found Service.vm with loader org.apache.velocity.runtime.resource.loader.FileResourceLoader
2017-07-26 23:07:58,180 - ResourceManager : found ServiceMock.vm with loader org.apache.velocity.runtime.resource.loader.FileResourceLoader
2017-07-26 23:07:58,182 - ResourceManager : found ServiceImpl.vm with loader org.apache.velocity.runtime.resource.loader.FileResourceLoader
2017-07-26 23:07:58,183 - ResourceManager : found Service.vm with loader org.apache.velocity.runtime.resource.loader.FileResourceLoader
2017-07-26 23:07:58,184 - ResourceManager : found ServiceMock.vm with loader org.apache.velocity.runtime.resource.loader.FileResourceLoader
2017-07-26 23:07:58,186 - ResourceManager : found ServiceImpl.vm with loader org.apache.velocity.runtime.resource.loader.FileResourceLoader
2017-07-26 23:07:58,187 - ResourceManager : found Service.vm with loader org.apache.velocity.runtime.resource.loader.FileResourceLoader
2017-07-26 23:07:58,188 - ResourceManager : found ServiceMock.vm with loader org.apache.velocity.runtime.resource.loader.FileResourceLoader
2017-07-26 23:07:58,189 - ResourceManager : found ServiceImpl.vm with loader org.apache.velocity.runtime.resource.loader.FileResourceLoader
2017-07-26 23:07:58,195 - ResourceManager : found Service.vm with loader org.apache.velocity.runtime.resource.loader.FileResourceLoader
2017-07-26 23:07:58,196 - ResourceManager : found ServiceMock.vm with loader org.apache.velocity.runtime.resource.loader.FileResourceLoader
2017-07-26 23:07:58,197 - ResourceManager : found ServiceImpl.vm with loader org.apache.velocity.runtime.resource.loader.FileResourceLoader
2017-07-26 23:07:58,198 - ResourceManager : found Service.vm with loader org.apache.velocity.runtime.resource.loader.FileResourceLoader
2017-07-26 23:07:58,199 - ResourceManager : found ServiceMock.vm with loader org.apache.velocity.runtime.resource.loader.FileResourceLoader
2017-07-26 23:07:58,201 - ResourceManager : found ServiceImpl.vm with loader org.apache.velocity.runtime.resource.loader.FileResourceLoader
2017-07-26 23:07:58,202 - ResourceManager : found Service.vm with loader org.apache.velocity.runtime.resource.loader.FileResourceLoader
2017-07-26 23:07:58,203 - ResourceManager : found ServiceMock.vm with loader org.apache.velocity.runtime.resource.loader.FileResourceLoader
2017-07-26 23:07:58,204 - ResourceManager : found ServiceImpl.vm with loader org.apache.velocity.runtime.resource.loader.FileResourceLoader
2017-07-26 23:10:24,153 - Log4JLogChute initialized using file 'velocity.log'
2017-07-26 23:10:24,153 - Initializing Velocity, Calling init()...
2017-07-26 23:10:24,153 - Starting Apache Velocity v1.7 (compiled: 2010-11-19 12:14:37)
2017-07-26 23:10:24,153 - Default Properties File: org\apache\velocity\runtime\defaults\velocity.properties
2017-07-26 23:10:24,153 - Trying to use logger class org.apache.velocity.runtime.log.AvalonLogChute
2017-07-26 23:10:24,153 - Target log system for org.apache.velocity.runtime.log.AvalonLogChute is not available (java.lang.NoClassDefFoundError: org/apache/log/format/Formatter).  Falling back to next log system...
2017-07-26 23:10:24,153 - Trying to use logger class org.apache.velocity.runtime.log.Log4JLogChute
2017-07-26 23:10:24,153 - Using logger class org.apache.velocity.runtime.log.Log4JLogChute
2017-07-26 23:10:24,157 - ResourceLoader instantiated: org.apache.velocity.runtime.resource.loader.FileResourceLoader
2017-07-26 23:10:24,158 - Do unicode file recognition:  false
2017-07-26 23:10:24,158 - FileResourceLoader : adding path 'E:/idea_workspace/gluxen-master/gluxen-common/target/classes/template/'
2017-07-26 23:10:24,163 - ResourceCache: initialized (class org.apache.velocity.runtime.resource.ResourceCacheImpl) with class java.util.Collections$SynchronizedMap cache map.
2017-07-26 23:10:24,165 - Loaded System Directive: org.apache.velocity.runtime.directive.Stop
2017-07-26 23:10:24,166 - Loaded System Directive: org.apache.velocity.runtime.directive.Define
2017-07-26 23:10:24,166 - Loaded System Directive: org.apache.velocity.runtime.directive.Break
2017-07-26 23:10:24,167 - Loaded System Directive: org.apache.velocity.runtime.directive.Evaluate
2017-07-26 23:10:24,168 - Loaded System Directive: org.apache.velocity.runtime.directive.Literal
2017-07-26 23:10:24,169 - Loaded System Directive: org.apache.velocity.runtime.directive.Macro
2017-07-26 23:10:24,171 - Loaded System Directive: org.apache.velocity.runtime.directive.Parse
2017-07-26 23:10:24,172 - Loaded System Directive: org.apache.velocity.runtime.directive.Include
2017-07-26 23:10:24,173 - Loaded System Directive: org.apache.velocity.runtime.directive.Foreach
2017-07-26 23:10:24,206 - Created '20' parsers.
2017-07-26 23:10:24,210 - Velocimacro : "velocimacro.library" is not set.  Trying default library: VM_global_library.vm
2017-07-26 23:10:24,210 - Velocimacro : Default library not found.
2017-07-26 23:10:24,210 - Velocimacro : allowInline = true : VMs can be defined inline in templates
2017-07-26 23:10:24,210 - Velocimacro : allowInlineToOverride = false : VMs defined inline may NOT replace previous VM definitions
2017-07-26 23:10:24,210 - Velocimacro : allowInlineLocal = false : VMs defined inline will be global in scope if allowed.
2017-07-26 23:10:24,210 - Velocimacro : autoload off : VM system will not automatically reload global library macros
2017-07-26 23:10:24,225 - ResourceManager : found generatorConfig.vm with loader org.apache.velocity.runtime.resource.loader.FileResourceLoader
2017-07-26 23:10:24,260 - Null reference [template 'generatorConfig.vm', line 49, column 38] : ${generator.jdbc.driver} cannot be resolved.
2017-07-26 23:10:24,260 - Null reference [template 'generatorConfig.vm', line 50, column 40] : ${generator.jdbc.url} cannot be resolved.
2017-07-26 23:10:24,260 - Null reference [template 'generatorConfig.vm', line 51, column 33] : ${generator.jdbc.username} cannot be resolved.
2017-07-26 23:12:14,364 - Log4JLogChute initialized using file 'velocity.log'
2017-07-26 23:12:14,366 - Initializing Velocity, Calling init()...
2017-07-26 23:12:14,366 - Starting Apache Velocity v1.7 (compiled: 2010-11-19 12:14:37)
2017-07-26 23:12:14,366 - Default Properties File: org\apache\velocity\runtime\defaults\velocity.properties
2017-07-26 23:12:14,366 - Trying to use logger class org.apache.velocity.runtime.log.AvalonLogChute
2017-07-26 23:12:14,366 - Target log system for org.apache.velocity.runtime.log.AvalonLogChute is not available (java.lang.NoClassDefFoundError: org/apache/log/format/Formatter).  Falling back to next log system...
2017-07-26 23:12:14,366 - Trying to use logger class org.apache.velocity.runtime.log.Log4JLogChute
2017-07-26 23:12:14,366 - Using logger class org.apache.velocity.runtime.log.Log4JLogChute
2017-07-26 23:12:14,373 - ResourceLoader instantiated: org.apache.velocity.runtime.resource.loader.FileResourceLoader
2017-07-26 23:12:14,374 - Do unicode file recognition:  false
2017-07-26 23:12:14,374 - FileResourceLoader : adding path 'E:/idea_workspace/gluxen-master/gluxen-common/target/classes/template/'
2017-07-26 23:12:14,384 - ResourceCache: initialized (class org.apache.velocity.runtime.resource.ResourceCacheImpl) with class java.util.Collections$SynchronizedMap cache map.
2017-07-26 23:12:14,386 - Loaded System Directive: org.apache.velocity.runtime.directive.Stop
2017-07-26 23:12:14,388 - Loaded System Directive: org.apache.velocity.runtime.directive.Define
2017-07-26 23:12:14,388 - Loaded System Directive: org.apache.velocity.runtime.directive.Break
2017-07-26 23:12:14,389 - Loaded System Directive: org.apache.velocity.runtime.directive.Evaluate
2017-07-26 23:12:14,390 - Loaded System Directive: org.apache.velocity.runtime.directive.Literal
2017-07-26 23:12:14,392 - Loaded System Directive: org.apache.velocity.runtime.directive.Macro
2017-07-26 23:12:14,405 - Loaded System Directive: org.apache.velocity.runtime.directive.Parse
2017-07-26 23:12:14,406 - Loaded System Directive: org.apache.velocity.runtime.directive.Include
2017-07-26 23:12:14,427 - Loaded System Directive: org.apache.velocity.runtime.directive.Foreach
2017-07-26 23:12:14,499 - Created '20' parsers.
2017-07-26 23:12:14,505 - Velocimacro : "velocimacro.library" is not set.  Trying default library: VM_global_library.vm
2017-07-26 23:12:14,505 - Velocimacro : Default library not found.
2017-07-26 23:12:14,505 - Velocimacro : allowInline = true : VMs can be defined inline in templates
2017-07-26 23:12:14,505 - Velocimacro : allowInlineToOverride = false : VMs defined inline may NOT replace previous VM definitions
2017-07-26 23:12:14,505 - Velocimacro : allowInlineLocal = false : VMs defined inline will be global in scope if allowed.
2017-07-26 23:12:14,505 - Velocimacro : autoload off : VM system will not automatically reload global library macros
2017-07-26 23:12:14,566 - ResourceManager : found generatorConfig.vm with loader org.apache.velocity.runtime.resource.loader.FileResourceLoader
2017-07-26 23:12:14,585 - Null reference [template 'generatorConfig.vm', line 49, column 38] : ${generator.jdbc.driver} cannot be resolved.
2017-07-26 23:12:14,585 - Null reference [template 'generatorConfig.vm', line 50, column 40] : ${generator.jdbc.url} cannot be resolved.
2017-07-26 23:12:14,586 - Null reference [template 'generatorConfig.vm', line 51, column 33] : ${generator.jdbc.username} cannot be resolved.
2017-07-26 23:12:15,106 - ResourceManager : found Service.vm with loader org.apache.velocity.runtime.resource.loader.FileResourceLoader
2017-07-26 23:12:15,107 - ResourceManager : found ServiceMock.vm with loader org.apache.velocity.runtime.resource.loader.FileResourceLoader
2017-07-26 23:12:15,110 - ResourceManager : found ServiceImpl.vm with loader org.apache.velocity.runtime.resource.loader.FileResourceLoader
2017-07-26 23:12:15,111 - ResourceManager : found Service.vm with loader org.apache.velocity.runtime.resource.loader.FileResourceLoader
2017-07-26 23:12:15,113 - ResourceManager : found ServiceMock.vm with loader org.apache.velocity.runtime.resource.loader.FileResourceLoader
2017-07-26 23:12:15,114 - ResourceManager : found ServiceImpl.vm with loader org.apache.velocity.runtime.resource.loader.FileResourceLoader
2017-07-26 23:12:15,116 - ResourceManager : found Service.vm with loader org.apache.velocity.runtime.resource.loader.FileResourceLoader
2017-07-26 23:12:15,124 - ResourceManager : found ServiceMock.vm with loader org.apache.velocity.runtime.resource.loader.FileResourceLoader
2017-07-26 23:12:15,126 - ResourceManager : found ServiceImpl.vm with loader org.apache.velocity.runtime.resource.loader.FileResourceLoader
2017-07-26 23:12:15,127 - ResourceManager : found Service.vm with loader org.apache.velocity.runtime.resource.loader.FileResourceLoader
2017-07-26 23:12:15,129 - ResourceManager : found ServiceMock.vm with loader org.apache.velocity.runtime.resource.loader.FileResourceLoader
2017-07-26 23:12:15,131 - ResourceManager : found ServiceImpl.vm with loader org.apache.velocity.runtime.resource.loader.FileResourceLoader
2017-07-26 23:12:15,132 - ResourceManager : found Service.vm with loader org.apache.velocity.runtime.resource.loader.FileResourceLoader
2017-07-26 23:12:15,134 - ResourceManager : found ServiceMock.vm with loader org.apache.velocity.runtime.resource.loader.FileResourceLoader
2017-07-26 23:12:15,135 - ResourceManager : found ServiceImpl.vm with loader org.apache.velocity.runtime.resource.loader.FileResourceLoader
2017-07-26 23:12:15,137 - ResourceManager : found Service.vm with loader org.apache.velocity.runtime.resource.loader.FileResourceLoader
2017-07-26 23:12:15,138 - ResourceManager : found ServiceMock.vm with loader org.apache.velocity.runtime.resource.loader.FileResourceLoader
2017-07-26 23:12:15,139 - ResourceManager : found ServiceImpl.vm with loader org.apache.velocity.runtime.resource.loader.FileResourceLoader
2017-07-26 23:12:15,140 - ResourceManager : found Service.vm with loader org.apache.velocity.runtime.resource.loader.FileResourceLoader
2017-07-26 23:12:15,148 - ResourceManager : found ServiceMock.vm with loader org.apache.velocity.runtime.resource.loader.FileResourceLoader
2017-07-26 23:12:15,153 - ResourceManager : found ServiceImpl.vm with loader org.apache.velocity.runtime.resource.loader.FileResourceLoader
2017-07-26 23:12:15,157 - ResourceManager : found Service.vm with loader org.apache.velocity.runtime.resource.loader.FileResourceLoader
2017-07-26 23:12:15,158 - ResourceManager : found ServiceMock.vm with loader org.apache.velocity.runtime.resource.loader.FileResourceLoader
2017-07-26 23:12:15,161 - ResourceManager : found ServiceImpl.vm with loader org.apache.velocity.runtime.resource.loader.FileResourceLoader
2017-07-26 23:12:15,165 - ResourceManager : found Service.vm with loader org.apache.velocity.runtime.resource.loader.FileResourceLoader
2017-07-26 23:12:15,169 - ResourceManager : found ServiceMock.vm with loader org.apache.velocity.runtime.resource.loader.FileResourceLoader
2017-07-26 23:12:15,176 - ResourceManager : found ServiceImpl.vm with loader org.apache.velocity.runtime.resource.loader.FileResourceLoader
2017-07-26 23:12:15,179 - ResourceManager : found Service.vm with loader org.apache.velocity.runtime.resource.loader.FileResourceLoader
2017-07-26 23:12:15,180 - ResourceManager : found ServiceMock.vm with loader org.apache.velocity.runtime.resource.loader.FileResourceLoader
2017-07-26 23:12:15,184 - ResourceManager : found ServiceImpl.vm with loader org.apache.velocity.runtime.resource.loader.FileResourceLoader
